01/20/2015 08:50:43 AM:INFO:Uygulama çalıştırıldı
01/20/2015 08:51:34 AM:INFO:Uygulama çalıştırıldı
01/20/2015 09:00:00 AM:INFO:Veri girme saati
01/20/2015 09:00:00 AM:INFO:Veriler toplandı
01/20/2015 09:00:00 AM:INFO:İnternet var ve sistem çevrimiçi
01/20/2015 09:00:00 AM:INFO:   Gdoca bağlanma denemesi
01/20/2015 09:00:03 AM:INFO:   Gdoca bağlandı.
01/20/2015 09:00:03 AM:INFO:   Yeni satır ekleme denemesi
01/20/2015 09:00:17 AM:INFO:   Yeni satır eklendi.
01/20/2015 09:00:17 AM:INFO:Veriler gdoca yazıldı
01/20/2015 09:01:00 AM:INFO:   Kilitlendi
01/20/2015 10:00:00 AM:INFO:Veri girme saati
01/20/2015 10:00:00 AM:INFO:Veriler toplandı
01/20/2015 10:00:05 AM:INFO:İnternet var ve sistem çevrimiçi
01/20/2015 10:00:05 AM:INFO:   Gdoca bağlanma denemesi
01/20/2015 10:00:08 AM:INFO:   Gdoca bağlandı.
01/20/2015 10:00:08 AM:INFO:   Yeni satır ekleme denemesi
01/20/2015 10:00:21 AM:INFO:   Yeni satır eklendi.
01/20/2015 10:00:21 AM:INFO:Veriler gdoca yazıldı
01/20/2015 10:01:00 AM:INFO:   Kilitlendi
01/20/2015 11:00:00 AM:INFO:Veri girme saati
01/20/2015 11:00:00 AM:INFO:Veriler toplandı
01/20/2015 11:00:01 AM:INFO:İnternet yok, çevrim dışı
01/20/2015 11:01:00 AM:INFO:   Kilitlendi
01/20/2015 12:00:00 PM:INFO:Veri girme saati
01/20/2015 12:00:00 PM:INFO:Veriler toplandı
01/20/2015 12:00:01 PM:INFO:İnternet algılandı ve eski veriler yazılacak
01/20/2015 12:00:01 PM:INFO:   Gdoca bağlanma denemesi
01/20/2015 12:00:03 PM:INFO:   Gdoca bağlandı.
01/20/2015 12:00:03 PM:INFO:   Yeni satır ekleme denemesi
01/20/2015 12:00:12 PM:INFO:   Yeni satır eklendi.
01/20/2015 12:00:12 PM:INFO:   Gdoca bağlanma denemesi
01/20/2015 12:00:14 PM:INFO:   Gdoca bağlandı.
01/20/2015 12:00:14 PM:INFO:   Yeni satır ekleme denemesi
01/20/2015 12:00:23 PM:INFO:   Yeni satır eklendi.
01/20/2015 12:00:23 PM:INFO:   Gdoca bağlanma denemesi
01/20/2015 12:00:24 PM:INFO:   Gdoca bağlandı.
01/20/2015 12:00:24 PM:INFO:   Yeni satır ekleme denemesi
01/20/2015 12:00:33 PM:INFO:   Yeni satır eklendi.
01/20/2015 12:00:33 PM:INFO:   Gdoca bağlanma denemesi
01/20/2015 12:00:35 PM:INFO:   Gdoca bağlandı.
01/20/2015 12:00:35 PM:INFO:   Yeni satır ekleme denemesi
01/20/2015 12:00:44 PM:INFO:   Yeni satır eklendi.
01/20/2015 12:00:44 PM:INFO:   Gdoca bağlanma denemesi
01/20/2015 12:00:46 PM:INFO:   Gdoca bağlandı.
01/20/2015 12:00:46 PM:INFO:   Yeni satır ekleme denemesi
01/20/2015 12:00:54 PM:INFO:   Yeni satır eklendi.
01/20/2015 12:00:54 PM:INFO:   Gdoca bağlanma denemesi
01/20/2015 12:00:56 PM:INFO:   Gdoca bağlandı.
01/20/2015 12:00:56 PM:INFO:   Yeni satır ekleme denemesi
01/20/2015 12:01:05 PM:INFO:   Yeni satır eklendi.
01/20/2015 12:01:05 PM:INFO:   Gdoca bağlanma denemesi
01/20/2015 12:01:07 PM:INFO:   Gdoca bağlandı.
01/20/2015 12:01:07 PM:INFO:   Yeni satır ekleme denemesi
01/20/2015 12:01:17 PM:INFO:   Yeni satır eklendi.
01/20/2015 12:01:17 PM:INFO:   Gdoca bağlanma denemesi
01/20/2015 12:01:19 PM:INFO:   Gdoca bağlandı.
01/20/2015 12:01:19 PM:INFO:   Yeni satır ekleme denemesi
01/20/2015 12:01:29 PM:INFO:   Yeni satır eklendi.
01/20/2015 12:01:29 PM:INFO:   Gdoca bağlanma denemesi
01/20/2015 12:01:31 PM:INFO:   Gdoca bağlandı.
01/20/2015 12:01:31 PM:INFO:   Yeni satır ekleme denemesi
01/20/2015 12:01:41 PM:INFO:   Yeni satır eklendi.
01/20/2015 12:01:41 PM:INFO:   Gdoca bağlanma denemesi
01/20/2015 12:01:43 PM:INFO:   Gdoca bağlandı.
01/20/2015 12:01:43 PM:INFO:   Yeni satır ekleme denemesi
01/20/2015 12:01:53 PM:INFO:   Yeni satır eklendi.
01/20/2015 12:01:53 PM:INFO:   Gdoca bağlanma denemesi
01/20/2015 12:01:55 PM:INFO:   Gdoca bağlandı.
01/20/2015 12:01:55 PM:INFO:   Yeni satır ekleme denemesi
01/20/2015 12:04:10 PM:INFO:   Yeni satır eklendi.
01/20/2015 12:04:10 PM:INFO:   Kilitlendi
01/20/2015 01:00:00 PM:INFO:Veri girme saati
01/20/2015 01:00:00 PM:INFO:Veriler toplandı
01/20/2015 01:00:00 PM:INFO:İnternet var ve sistem çevrimiçi
01/20/2015 01:00:00 PM:INFO:   Gdoca bağlanma denemesi
01/20/2015 01:00:03 PM:INFO:   Gdoca bağlandı.
01/20/2015 01:00:03 PM:INFO:   Yeni satır ekleme denemesi
01/20/2015 01:00:17 PM:INFO:   Yeni satır eklendi.
01/20/2015 01:00:17 PM:INFO:Veriler gdoca yazıldı
01/20/2015 01:01:00 PM:INFO:   Kilitlendi
01/20/2015 02:00:00 PM:INFO:Veri girme saati
01/20/2015 02:00:00 PM:INFO:Veriler toplandı
01/20/2015 02:00:00 PM:INFO:İnternet var ve sistem çevrimiçi
01/20/2015 02:00:00 PM:INFO:   Gdoca bağlanma denemesi
01/20/2015 02:00:03 PM:INFO:   Gdoca bağlandı.
01/20/2015 02:00:03 PM:INFO:   Yeni satır ekleme denemesi
01/20/2015 02:00:14 PM:INFO:   Yeni satır eklendi.
01/20/2015 02:00:14 PM:INFO:Veriler gdoca yazıldı
01/20/2015 02:01:00 PM:INFO:   Kilitlendi
01/20/2015 03:00:00 PM:INFO:Veri girme saati
01/20/2015 03:00:00 PM:INFO:Veriler toplandı
01/20/2015 03:00:00 PM:INFO:İnternet var ve sistem çevrimiçi
01/20/2015 03:00:00 PM:INFO:   Gdoca bağlanma denemesi
01/20/2015 03:00:02 PM:INFO:   Gdoca bağlandı.
01/20/2015 03:00:02 PM:INFO:   Yeni satır ekleme denemesi
01/20/2015 03:00:13 PM:INFO:   Yeni satır eklendi.
01/20/2015 03:00:13 PM:INFO:Veriler gdoca yazıldı
01/20/2015 03:01:00 PM:INFO:   Kilitlendi
01/20/2015 04:00:00 PM:INFO:Veri girme saati
01/20/2015 04:00:03 PM:INFO:Veriler toplandı
01/20/2015 04:00:03 PM:INFO:İnternet var ve sistem çevrimiçi
01/20/2015 04:00:03 PM:INFO:   Gdoca bağlanma denemesi
01/20/2015 04:00:07 PM:INFO:   Gdoca bağlandı.
01/20/2015 04:00:07 PM:INFO:   Yeni satır ekleme denemesi
01/20/2015 04:00:18 PM:INFO:   Yeni satır eklendi.
01/20/2015 04:00:18 PM:INFO:Veriler gdoca yazıldı
01/20/2015 04:01:00 PM:INFO:   Kilitlendi
01/20/2015 05:00:00 PM:INFO:Veri girme saati
01/20/2015 05:00:00 PM:INFO:Veriler toplandı
01/20/2015 05:00:00 PM:INFO:İnternet var ve sistem çevrimiçi
01/20/2015 05:00:00 PM:INFO:   Gdoca bağlanma denemesi
01/20/2015 05:00:03 PM:INFO:   Gdoca bağlandı.
01/20/2015 05:00:03 PM:INFO:   Yeni satır ekleme denemesi
01/20/2015 05:00:13 PM:INFO:   Yeni satır eklendi.
01/20/2015 05:00:13 PM:INFO:Veriler gdoca yazıldı
01/20/2015 05:01:00 PM:INFO:   Kilitlendi
01/20/2015 06:00:00 PM:INFO:Veri girme saati
01/20/2015 06:00:00 PM:INFO:Veriler toplandı
01/20/2015 06:00:00 PM:INFO:İnternet var ve sistem çevrimiçi
01/20/2015 06:00:00 PM:INFO:   Gdoca bağlanma denemesi
01/20/2015 06:00:03 PM:INFO:   Gdoca bağlandı.
01/20/2015 06:00:03 PM:INFO:   Yeni satır ekleme denemesi
01/20/2015 06:00:14 PM:INFO:   Yeni satır eklendi.
01/20/2015 06:00:14 PM:INFO:Veriler gdoca yazıldı
01/20/2015 06:01:00 PM:INFO:   Kilitlendi
01/20/2015 07:00:00 PM:INFO:Veri girme saati
01/20/2015 07:00:00 PM:INFO:Veriler toplandı
01/20/2015 07:00:00 PM:INFO:İnternet var ve sistem çevrimiçi
01/20/2015 07:00:00 PM:INFO:   Gdoca bağlanma denemesi
01/20/2015 07:00:03 PM:INFO:   Gdoca bağlandı.
01/20/2015 07:00:03 PM:INFO:   Yeni satır ekleme denemesi
01/20/2015 07:00:14 PM:INFO:   Yeni satır eklendi.
01/20/2015 07:00:14 PM:INFO:Veriler gdoca yazıldı
01/20/2015 07:01:00 PM:INFO:   Kilitlendi
01/20/2015 08:00:00 PM:INFO:Veri girme saati
01/20/2015 08:00:00 PM:INFO:Veriler toplandı
01/20/2015 08:00:00 PM:INFO:İnternet var ve sistem çevrimiçi
01/20/2015 08:00:00 PM:INFO:   Gdoca bağlanma denemesi
01/20/2015 08:00:03 PM:INFO:   Gdoca bağlandı.
01/20/2015 08:00:03 PM:INFO:   Yeni satır ekleme denemesi
01/20/2015 08:02:17 PM:INFO:   Yeni satır eklendi.
01/20/2015 08:02:17 PM:INFO:Veriler gdoca yazıldı
01/20/2015 08:02:17 PM:INFO:   Kilitlendi
01/20/2015 09:00:00 PM:INFO:Veri girme saati
01/20/2015 09:00:00 PM:INFO:Veriler toplandı
01/20/2015 09:00:00 PM:INFO:İnternet var ve sistem çevrimiçi
01/20/2015 09:00:00 PM:INFO:   Gdoca bağlanma denemesi
01/20/2015 09:00:03 PM:INFO:   Gdoca bağlandı.
01/20/2015 09:00:03 PM:INFO:   Yeni satır ekleme denemesi
01/20/2015 09:00:22 PM:INFO:   Yeni satır eklendi.
01/20/2015 09:00:22 PM:INFO:Veriler gdoca yazıldı
01/20/2015 09:01:00 PM:INFO:   Kilitlendi
01/20/2015 10:00:00 PM:INFO:Veri girme saati
01/20/2015 10:00:00 PM:INFO:Veriler toplandı
01/20/2015 10:00:00 PM:INFO:İnternet var ve sistem çevrimiçi
01/20/2015 10:00:00 PM:INFO:   Gdoca bağlanma denemesi
01/20/2015 10:00:03 PM:INFO:   Gdoca bağlandı.
01/20/2015 10:00:03 PM:INFO:   Yeni satır ekleme denemesi
01/20/2015 10:00:14 PM:INFO:   Yeni satır eklendi.
01/20/2015 10:00:14 PM:INFO:Veriler gdoca yazıldı
01/20/2015 10:01:00 PM:INFO:   Kilitlendi
01/20/2015 11:00:00 PM:INFO:Veri girme saati
01/20/2015 11:00:00 PM:INFO:Veriler toplandı
01/20/2015 11:00:00 PM:INFO:İnternet var ve sistem çevrimiçi
01/20/2015 11:00:00 PM:INFO:   Gdoca bağlanma denemesi
01/20/2015 11:00:02 PM:INFO:   Gdoca bağlandı.
01/20/2015 11:00:02 PM:INFO:   Yeni satır ekleme denemesi
01/20/2015 11:00:13 PM:INFO:   Yeni satır eklendi.
01/20/2015 11:00:13 PM:INFO:Veriler gdoca yazıldı
01/20/2015 11:01:00 PM:INFO:   Kilitlendi
01/21/2015 12:00:00 AM:INFO:Veri girme saati
01/21/2015 12:00:00 AM:INFO:Veriler toplandı
01/21/2015 12:00:00 AM:INFO:İnternet var ve sistem çevrimiçi
01/21/2015 12:00:00 AM:INFO:   Gdoca bağlanma denemesi
01/21/2015 12:00:02 AM:INFO:   Gdoca bağlandı.
01/21/2015 12:00:02 AM:INFO:   Yeni satır ekleme denemesi
01/21/2015 12:00:11 AM:INFO:   Yeni satır eklendi.
01/21/2015 12:00:11 AM:INFO:Veriler gdoca yazıldı
01/21/2015 12:01:00 AM:INFO:   Kilitlendi
01/21/2015 01:00:00 AM:INFO:Veri girme saati
01/21/2015 01:00:00 AM:INFO:Veriler toplandı
01/21/2015 01:00:00 AM:INFO:İnternet var ve sistem çevrimiçi
01/21/2015 01:00:00 AM:INFO:   Gdoca bağlanma denemesi
01/21/2015 01:00:03 AM:INFO:   Gdoca bağlandı.
01/21/2015 01:00:03 AM:INFO:   Yeni satır ekleme denemesi
01/21/2015 01:00:13 AM:INFO:   Yeni satır eklendi.
01/21/2015 01:00:13 AM:INFO:Veriler gdoca yazıldı
01/21/2015 01:01:00 AM:INFO:   Kilitlendi
01/21/2015 02:00:00 AM:INFO:Veri girme saati
01/21/2015 02:00:00 AM:INFO:Veriler toplandı
01/21/2015 02:00:00 AM:INFO:İnternet var ve sistem çevrimiçi
01/21/2015 02:00:00 AM:INFO:   Gdoca bağlanma denemesi
01/21/2015 02:00:03 AM:INFO:   Gdoca bağlandı.
01/21/2015 02:00:03 AM:INFO:   Yeni satır ekleme denemesi
01/21/2015 02:00:12 AM:INFO:   Yeni satır eklendi.
01/21/2015 02:00:12 AM:INFO:Veriler gdoca yazıldı
01/21/2015 02:01:00 AM:INFO:   Kilitlendi
01/21/2015 03:00:00 AM:INFO:Veri girme saati
01/21/2015 03:00:00 AM:INFO:Veriler toplandı
01/21/2015 03:00:00 AM:INFO:İnternet var ve sistem çevrimiçi
01/21/2015 03:00:00 AM:INFO:   Gdoca bağlanma denemesi
01/21/2015 03:00:02 AM:INFO:   Gdoca bağlandı.
01/21/2015 03:00:02 AM:INFO:   Yeni satır ekleme denemesi
01/21/2015 03:00:15 AM:INFO:   Yeni satır eklendi.
01/21/2015 03:00:15 AM:INFO:Veriler gdoca yazıldı
01/21/2015 03:01:00 AM:INFO:   Kilitlendi
01/21/2015 08:36:34 AM:INFO:Uygulama çalıştırıldı
01/21/2015 08:56:25 AM:INFO:Veri girme saati
01/21/2015 08:56:28 AM:INFO:Veriler toplandı
01/21/2015 08:56:28 AM:INFO:İnternet var ve sistem çevrimiçi
01/21/2015 08:56:28 AM:INFO:   Gdoca bağlanma denemesi
01/21/2015 08:56:31 AM:INFO:   Gdoca bağlandı.
01/21/2015 08:56:31 AM:INFO:   Yeni satır ekleme denemesi
01/21/2015 08:56:39 AM:INFO:   Yeni satır eklendi.
01/21/2015 08:56:39 AM:INFO:Veriler gdoca yazıldı
01/21/2015 09:56:25 AM:INFO:Veri girme saati
01/21/2015 09:56:26 AM:INFO:Veriler toplandı
01/21/2015 09:56:26 AM:INFO:İnternet var ve sistem çevrimiçi
01/21/2015 09:56:26 AM:INFO:   Gdoca bağlanma denemesi
01/21/2015 09:56:28 AM:INFO:   Gdoca bağlandı.
01/21/2015 09:56:28 AM:INFO:   Yeni satır ekleme denemesi
01/21/2015 09:57:12 AM:INFO:   Yeni satır eklendi.
01/21/2015 09:57:12 AM:INFO:Veriler gdoca yazıldı
01/21/2015 10:10:38 AM:INFO:Uygulama çalıştırıldı
01/21/2015 10:56:26 AM:INFO:Veri girme saati
01/21/2015 10:56:26 AM:INFO:Veriler toplandı
01/21/2015 10:56:26 AM:INFO:İnternet var ve sistem çevrimiçi
01/21/2015 10:56:26 AM:INFO:   Gdoca bağlanma denemesi
01/21/2015 10:56:29 AM:INFO:   Gdoca bağlandı.
01/21/2015 10:56:29 AM:INFO:   Yeni satır ekleme denemesi
01/21/2015 10:56:42 AM:INFO:   Yeni satır eklendi.
01/21/2015 10:56:42 AM:INFO:Veriler gdoca yazıldı
01/21/2015 11:56:26 AM:INFO:Veri girme saati
01/21/2015 11:56:26 AM:INFO:Veriler toplandı
01/21/2015 11:56:27 AM:INFO:İnternet var ve sistem çevrimiçi
01/21/2015 11:56:27 AM:INFO:   Gdoca bağlanma denemesi
01/21/2015 11:56:29 AM:INFO:   Gdoca bağlandı.
01/21/2015 11:56:29 AM:INFO:   Yeni satır ekleme denemesi
01/21/2015 11:58:39 AM:INFO:   Yeni satır eklendi.
01/21/2015 11:58:39 AM:INFO:Veriler gdoca yazıldı
01/21/2015 12:03:53 PM:INFO:Uygulama çalıştırıldı
01/21/2015 12:59:59 PM:INFO:Veri girme saati
01/21/2015 01:00:00 PM:INFO:Veriler toplandı
01/21/2015 01:00:05 PM:INFO:İnternet var ve sistem çevrimiçi
01/21/2015 01:00:05 PM:INFO:   Gdoca bağlanma denemesi
01/21/2015 01:00:08 PM:INFO:   Gdoca bağlandı.
01/21/2015 01:00:08 PM:INFO:   Yeni satır ekleme denemesi
01/21/2015 01:00:19 PM:INFO:   Yeni satır eklendi.
01/21/2015 01:00:19 PM:INFO:Veriler gdoca yazıldı
01/21/2015 01:59:59 PM:INFO:Veri girme saati
01/21/2015 02:00:00 PM:INFO:Veriler toplandı
01/21/2015 02:00:00 PM:INFO:İnternet var ve sistem çevrimiçi
01/21/2015 02:00:00 PM:INFO:   Gdoca bağlanma denemesi
01/21/2015 02:00:03 PM:INFO:   Gdoca bağlandı.
01/21/2015 02:00:03 PM:INFO:   Yeni satır ekleme denemesi
01/21/2015 02:00:47 PM:INFO:   Yeni satır eklendi.
01/21/2015 02:00:47 PM:INFO:Veriler gdoca yazıldı
01/21/2015 02:59:59 PM:INFO:Veri girme saati
01/21/2015 03:00:00 PM:INFO:Veriler toplandı
01/21/2015 03:00:00 PM:INFO:İnternet var ve sistem çevrimiçi
01/21/2015 03:00:00 PM:INFO:   Gdoca bağlanma denemesi
01/21/2015 03:00:02 PM:INFO:   Gdoca bağlandı.
01/21/2015 03:00:02 PM:INFO:   Yeni satır ekleme denemesi
01/21/2015 03:00:17 PM:INFO:   Yeni satır eklendi.
01/21/2015 03:00:17 PM:INFO:Veriler gdoca yazıldı
01/21/2015 03:59:59 PM:INFO:Veri girme saati
01/21/2015 04:00:00 PM:INFO:Veriler toplandı
01/21/2015 04:00:00 PM:INFO:İnternet var ve sistem çevrimiçi
01/21/2015 04:00:00 PM:INFO:   Gdoca bağlanma denemesi
01/21/2015 04:00:02 PM:INFO:   Gdoca bağlandı.
01/21/2015 04:00:02 PM:INFO:   Yeni satır ekleme denemesi
01/21/2015 04:00:10 PM:INFO:   Yeni satır eklendi.
01/21/2015 04:00:10 PM:INFO:Veriler gdoca yazıldı
01/21/2015 04:59:59 PM:INFO:Veri girme saati
01/21/2015 05:00:00 PM:INFO:Veriler toplandı
01/21/2015 05:00:00 PM:INFO:İnternet var ve sistem çevrimiçi
01/21/2015 05:00:00 PM:INFO:   Gdoca bağlanma denemesi
01/21/2015 05:00:03 PM:INFO:   Gdoca bağlandı.
01/21/2015 05:00:03 PM:INFO:   Yeni satır ekleme denemesi
01/21/2015 05:00:11 PM:INFO:   Yeni satır eklendi.
01/21/2015 05:00:11 PM:INFO:Veriler gdoca yazıldı
01/21/2015 05:59:59 PM:INFO:Veri girme saati
01/21/2015 06:00:00 PM:INFO:Veriler toplandı
01/21/2015 06:00:00 PM:INFO:İnternet var ve sistem çevrimiçi
01/21/2015 06:00:00 PM:INFO:   Gdoca bağlanma denemesi
01/21/2015 06:00:03 PM:INFO:   Gdoca bağlandı.
01/21/2015 06:00:03 PM:INFO:   Yeni satır ekleme denemesi
01/21/2015 06:02:11 PM:INFO:   Yeni satır eklendi.
01/21/2015 06:02:11 PM:INFO:Veriler gdoca yazıldı
01/21/2015 06:59:59 PM:INFO:Veri girme saati
01/21/2015 07:00:02 PM:INFO:Veriler toplandı
01/21/2015 07:00:03 PM:INFO:İnternet var ve sistem çevrimiçi
01/21/2015 07:00:03 PM:INFO:   Gdoca bağlanma denemesi
01/21/2015 07:00:05 PM:INFO:   Gdoca bağlandı.
01/21/2015 07:00:05 PM:INFO:   Yeni satır ekleme denemesi
01/21/2015 07:00:15 PM:INFO:   Yeni satır eklendi.
01/21/2015 07:00:15 PM:INFO:Veriler gdoca yazıldı
01/21/2015 07:59:59 PM:INFO:Veri girme saati
01/21/2015 08:00:00 PM:INFO:Veriler toplandı
01/21/2015 08:00:00 PM:INFO:İnternet var ve sistem çevrimiçi
01/21/2015 08:00:00 PM:INFO:   Gdoca bağlanma denemesi
01/21/2015 08:00:03 PM:INFO:   Gdoca bağlandı.
01/21/2015 08:00:03 PM:INFO:   Yeni satır ekleme denemesi
01/21/2015 08:00:15 PM:INFO:   Yeni satır eklendi.
01/21/2015 08:00:15 PM:INFO:Veriler gdoca yazıldı
01/21/2015 08:59:59 PM:INFO:Veri girme saati
01/21/2015 09:00:02 PM:INFO:Veriler toplandı
01/21/2015 09:00:03 PM:INFO:İnternet var ve sistem çevrimiçi
01/21/2015 09:00:03 PM:INFO:   Gdoca bağlanma denemesi
01/21/2015 09:00:05 PM:INFO:   Gdoca bağlandı.
01/21/2015 09:00:05 PM:INFO:   Yeni satır ekleme denemesi
01/21/2015 09:01:02 PM:INFO:   Yeni satır eklendi.
01/21/2015 09:01:02 PM:INFO:Veriler gdoca yazıldı
01/21/2015 09:59:59 PM:INFO:Veri girme saati
01/21/2015 10:00:00 PM:INFO:Veriler toplandı
01/21/2015 10:00:00 PM:INFO:İnternet var ve sistem çevrimiçi
01/21/2015 10:00:00 PM:INFO:   Gdoca bağlanma denemesi
01/21/2015 10:00:03 PM:INFO:   Gdoca bağlandı.
01/21/2015 10:00:03 PM:INFO:   Yeni satır ekleme denemesi
01/21/2015 10:00:15 PM:INFO:   Yeni satır eklendi.
01/21/2015 10:00:15 PM:INFO:Veriler gdoca yazıldı
01/21/2015 10:59:59 PM:INFO:Veri girme saati
01/21/2015 11:00:00 PM:INFO:Veriler toplandı
01/21/2015 11:00:00 PM:INFO:İnternet var ve sistem çevrimiçi
01/21/2015 11:00:00 PM:INFO:   Gdoca bağlanma denemesi
01/21/2015 11:00:03 PM:INFO:   Gdoca bağlandı.
01/21/2015 11:00:03 PM:INFO:   Yeni satır ekleme denemesi
01/21/2015 11:00:11 PM:INFO:   Yeni satır eklendi.
01/21/2015 11:00:11 PM:INFO:Veriler gdoca yazıldı
01/21/2015 11:59:59 PM:INFO:Veri girme saati
01/22/2015 12:00:00 AM:INFO:Veriler toplandı
01/22/2015 12:00:00 AM:INFO:İnternet var ve sistem çevrimiçi
01/22/2015 12:00:00 AM:INFO:   Gdoca bağlanma denemesi
01/22/2015 12:00:02 AM:INFO:   Gdoca bağlandı.
01/22/2015 12:00:02 AM:INFO:   Yeni satır ekleme denemesi
01/22/2015 12:00:12 AM:INFO:   Yeni satır eklendi.
01/22/2015 12:00:12 AM:INFO:Veriler gdoca yazıldı
01/22/2015 12:59:59 AM:INFO:Veri girme saati
01/22/2015 01:00:00 AM:INFO:Veriler toplandı
01/22/2015 01:00:00 AM:INFO:İnternet var ve sistem çevrimiçi
01/22/2015 01:00:00 AM:INFO:   Gdoca bağlanma denemesi
01/22/2015 01:00:03 AM:INFO:   Gdoca bağlandı.
01/22/2015 01:00:03 AM:INFO:   Yeni satır ekleme denemesi
01/22/2015 01:00:35 AM:INFO:   Yeni satır eklendi.
01/22/2015 01:00:35 AM:INFO:Veriler gdoca yazıldı
01/22/2015 01:59:59 AM:INFO:Veri girme saati
01/22/2015 02:00:00 AM:INFO:Veriler toplandı
01/22/2015 02:00:00 AM:INFO:İnternet var ve sistem çevrimiçi
01/22/2015 02:00:00 AM:INFO:   Gdoca bağlanma denemesi
01/22/2015 02:00:03 AM:INFO:   Gdoca bağlandı.
01/22/2015 02:00:03 AM:INFO:   Yeni satır ekleme denemesi
01/22/2015 02:00:13 AM:INFO:   Yeni satır eklendi.
01/22/2015 02:00:13 AM:INFO:Veriler gdoca yazıldı
01/22/2015 02:59:59 AM:INFO:Veri girme saati
01/22/2015 03:00:00 AM:INFO:Veriler toplandı
01/22/2015 03:00:00 AM:INFO:İnternet var ve sistem çevrimiçi
01/22/2015 03:00:00 AM:INFO:   Gdoca bağlanma denemesi
01/22/2015 03:00:03 AM:INFO:   Gdoca bağlandı.
01/22/2015 03:00:03 AM:INFO:   Yeni satır ekleme denemesi
01/22/2015 03:00:11 AM:INFO:   Yeni satır eklendi.
01/22/2015 03:00:11 AM:INFO:Veriler gdoca yazıldı
01/22/2015 03:59:59 AM:INFO:Veri girme saati
01/22/2015 04:00:00 AM:INFO:Veriler toplandı
01/22/2015 04:00:00 AM:INFO:İnternet var ve sistem çevrimiçi
01/22/2015 04:00:00 AM:INFO:   Gdoca bağlanma denemesi
01/22/2015 04:00:03 AM:INFO:   Gdoca bağlandı.
01/22/2015 04:00:03 AM:INFO:   Yeni satır ekleme denemesi
01/22/2015 04:00:13 AM:INFO:   Yeni satır eklendi.
01/22/2015 04:00:13 AM:INFO:Veriler gdoca yazıldı
01/22/2015 04:59:59 AM:INFO:Veri girme saati
01/22/2015 05:00:00 AM:INFO:Veriler toplandı
01/22/2015 05:00:00 AM:INFO:İnternet var ve sistem çevrimiçi
01/22/2015 05:00:00 AM:INFO:   Gdoca bağlanma denemesi
01/22/2015 05:00:03 AM:INFO:   Gdoca bağlandı.
01/22/2015 05:00:03 AM:INFO:   Yeni satır ekleme denemesi
01/22/2015 05:00:29 AM:INFO:   Yeni satır eklendi.
01/22/2015 05:00:29 AM:INFO:Veriler gdoca yazıldı
01/22/2015 05:59:59 AM:INFO:Veri girme saati
01/22/2015 06:00:03 AM:INFO:Veriler toplandı
01/22/2015 06:00:03 AM:INFO:İnternet var ve sistem çevrimiçi
01/22/2015 06:00:03 AM:INFO:   Gdoca bağlanma denemesi
01/22/2015 06:00:05 AM:INFO:   Gdoca bağlandı.
01/22/2015 06:00:05 AM:INFO:   Yeni satır ekleme denemesi
01/22/2015 06:00:15 AM:INFO:   Yeni satır eklendi.
01/22/2015 06:00:15 AM:INFO:Veriler gdoca yazıldı
01/22/2015 06:59:59 AM:INFO:Veri girme saati
01/22/2015 07:00:05 AM:INFO:Veriler toplandı
01/22/2015 07:00:05 AM:INFO:İnternet var ve sistem çevrimiçi
01/22/2015 07:00:05 AM:INFO:   Gdoca bağlanma denemesi
01/22/2015 07:00:07 AM:INFO:   Gdoca bağlandı.
01/22/2015 07:00:07 AM:INFO:   Yeni satır ekleme denemesi
01/22/2015 07:00:15 AM:INFO:   Yeni satır eklendi.
01/22/2015 07:00:15 AM:INFO:Veriler gdoca yazıldı
01/22/2015 07:59:59 AM:INFO:Veri girme saati
01/22/2015 08:00:00 AM:INFO:Veriler toplandı
01/22/2015 08:00:00 AM:INFO:İnternet var ve sistem çevrimiçi
01/22/2015 08:00:00 AM:INFO:   Gdoca bağlanma denemesi
01/22/2015 08:00:03 AM:INFO:   Gdoca bağlandı.
01/22/2015 08:00:03 AM:INFO:   Yeni satır ekleme denemesi
01/22/2015 08:00:14 AM:INFO:   Yeni satır eklendi.
01/22/2015 08:00:14 AM:INFO:Veriler gdoca yazıldı
01/22/2015 08:59:59 AM:INFO:Veri girme saati
01/22/2015 09:00:00 AM:INFO:Veriler toplandı
01/22/2015 09:00:00 AM:INFO:İnternet var ve sistem çevrimiçi
01/22/2015 09:00:00 AM:INFO:   Gdoca bağlanma denemesi
01/22/2015 09:00:03 AM:INFO:   Gdoca bağlandı.
01/22/2015 09:00:03 AM:INFO:   Yeni satır ekleme denemesi
01/22/2015 09:00:11 AM:INFO:   Yeni satır eklendi.
01/22/2015 09:00:11 AM:INFO:Veriler gdoca yazıldı
01/22/2015 09:59:59 AM:INFO:Veri girme saati
01/22/2015 10:00:00 AM:INFO:Veriler toplandı
01/22/2015 10:00:00 AM:INFO:İnternet var ve sistem çevrimiçi
01/22/2015 10:00:00 AM:INFO:   Gdoca bağlanma denemesi
01/22/2015 10:00:03 AM:INFO:   Gdoca bağlandı.
01/22/2015 10:00:03 AM:INFO:   Yeni satır ekleme denemesi
01/22/2015 10:00:12 AM:INFO:   Yeni satır eklendi.
01/22/2015 10:00:12 AM:INFO:Veriler gdoca yazıldı
01/22/2015 10:59:59 AM:INFO:Veri girme saati
01/22/2015 11:00:02 AM:INFO:Veriler toplandı
01/22/2015 11:00:03 AM:INFO:İnternet var ve sistem çevrimiçi
01/22/2015 11:00:03 AM:INFO:   Gdoca bağlanma denemesi
01/22/2015 11:00:05 AM:INFO:   Gdoca bağlandı.
01/22/2015 11:00:05 AM:INFO:   Yeni satır ekleme denemesi
01/22/2015 11:00:14 AM:INFO:   Yeni satır eklendi.
01/22/2015 11:00:14 AM:INFO:Veriler gdoca yazıldı
01/22/2015 11:59:59 AM:INFO:Veri girme saati
01/22/2015 12:00:00 PM:INFO:Veriler toplandı
01/22/2015 12:00:00 PM:INFO:İnternet var ve sistem çevrimiçi
01/22/2015 12:00:00 PM:INFO:   Gdoca bağlanma denemesi
01/22/2015 12:00:03 PM:INFO:   Gdoca bağlandı.
01/22/2015 12:00:03 PM:INFO:   Yeni satır ekleme denemesi
01/22/2015 12:00:13 PM:INFO:   Yeni satır eklendi.
01/22/2015 12:00:13 PM:INFO:Veriler gdoca yazıldı
01/22/2015 12:59:59 PM:INFO:Veri girme saati
01/22/2015 01:00:00 PM:INFO:Veriler toplandı
01/22/2015 01:00:00 PM:INFO:İnternet var ve sistem çevrimiçi
01/22/2015 01:00:00 PM:INFO:   Gdoca bağlanma denemesi
01/22/2015 01:00:04 PM:INFO:   Gdoca bağlandı.
01/22/2015 01:00:04 PM:INFO:   Yeni satır ekleme denemesi
01/22/2015 01:00:13 PM:INFO:   Yeni satır eklendi.
01/22/2015 01:00:13 PM:INFO:Veriler gdoca yazıldı
01/22/2015 01:59:59 PM:INFO:Veri girme saati
01/22/2015 02:00:02 PM:INFO:Veriler toplandı
01/22/2015 02:00:03 PM:INFO:İnternet var ve sistem çevrimiçi
01/22/2015 02:00:03 PM:INFO:   Gdoca bağlanma denemesi
01/22/2015 02:00:05 PM:INFO:   Gdoca bağlandı.
01/22/2015 02:00:05 PM:INFO:   Yeni satır ekleme denemesi
01/22/2015 02:00:14 PM:INFO:   Yeni satır eklendi.
01/22/2015 02:00:14 PM:INFO:Veriler gdoca yazıldı
01/22/2015 02:59:59 PM:INFO:Veri girme saati
01/22/2015 03:00:00 PM:INFO:Veriler toplandı
01/22/2015 03:00:00 PM:INFO:İnternet var ve sistem çevrimiçi
01/22/2015 03:00:00 PM:INFO:   Gdoca bağlanma denemesi
01/22/2015 03:00:04 PM:INFO:   Gdoca bağlandı.
01/22/2015 03:00:04 PM:INFO:   Yeni satır ekleme denemesi
01/22/2015 03:00:14 PM:INFO:   Yeni satır eklendi.
01/22/2015 03:00:14 PM:INFO:Veriler gdoca yazıldı
01/22/2015 03:59:59 PM:INFO:Veri girme saati
01/22/2015 04:00:00 PM:INFO:Veriler toplandı
01/22/2015 04:00:00 PM:INFO:İnternet var ve sistem çevrimiçi
01/22/2015 04:00:00 PM:INFO:   Gdoca bağlanma denemesi
01/22/2015 04:00:02 PM:INFO:   Gdoca bağlandı.
01/22/2015 04:00:02 PM:INFO:   Yeni satır ekleme denemesi
01/22/2015 04:00:10 PM:INFO:   Yeni satır eklendi.
01/22/2015 04:00:11 PM:INFO:Veriler gdoca yazıldı
01/22/2015 04:59:59 PM:INFO:Veri girme saati
01/22/2015 05:00:00 PM:INFO:Veriler toplandı
01/22/2015 05:00:00 PM:INFO:İnternet var ve sistem çevrimiçi
01/22/2015 05:00:00 PM:INFO:   Gdoca bağlanma denemesi
01/22/2015 05:00:03 PM:INFO:   Gdoca bağlandı.
01/22/2015 05:00:03 PM:INFO:   Yeni satır ekleme denemesi
01/22/2015 05:00:17 PM:INFO:   Yeni satır eklendi.
01/22/2015 05:00:17 PM:INFO:Veriler gdoca yazıldı
01/22/2015 05:59:59 PM:INFO:Veri girme saati
01/22/2015 06:00:02 PM:INFO:Veriler toplandı
01/22/2015 06:00:03 PM:INFO:İnternet var ve sistem çevrimiçi
01/22/2015 06:00:03 PM:INFO:   Gdoca bağlanma denemesi
01/22/2015 06:00:15 PM:INFO:   Gdoca bağlandı.
01/22/2015 06:00:15 PM:INFO:   Yeni satır ekleme denemesi
01/22/2015 06:00:23 PM:INFO:   Yeni satır eklendi.
01/22/2015 06:00:23 PM:INFO:Veriler gdoca yazıldı
01/22/2015 06:59:59 PM:INFO:Veri girme saati
01/22/2015 07:00:00 PM:INFO:Veriler toplandı
01/22/2015 07:00:00 PM:INFO:İnternet var ve sistem çevrimiçi
01/22/2015 07:00:00 PM:INFO:   Gdoca bağlanma denemesi
01/22/2015 07:00:03 PM:INFO:   Gdoca bağlandı.
01/22/2015 07:00:03 PM:INFO:   Yeni satır ekleme denemesi
01/22/2015 07:00:11 PM:INFO:   Yeni satır eklendi.
01/22/2015 07:00:11 PM:INFO:Veriler gdoca yazıldı
01/22/2015 07:59:59 PM:INFO:Veri girme saati
01/22/2015 08:00:00 PM:INFO:Veriler toplandı
01/22/2015 08:00:00 PM:INFO:İnternet var ve sistem çevrimiçi
01/22/2015 08:00:00 PM:INFO:   Gdoca bağlanma denemesi
01/22/2015 08:00:03 PM:INFO:   Gdoca bağlandı.
01/22/2015 08:00:03 PM:INFO:   Yeni satır ekleme denemesi
01/22/2015 08:00:11 PM:INFO:   Yeni satır eklendi.
01/22/2015 08:00:11 PM:INFO:Veriler gdoca yazıldı
01/22/2015 08:59:59 PM:INFO:Veri girme saati
01/22/2015 09:00:02 PM:INFO:Veriler toplandı
01/22/2015 09:00:03 PM:INFO:İnternet var ve sistem çevrimiçi
01/22/2015 09:00:03 PM:INFO:   Gdoca bağlanma denemesi
01/22/2015 09:00:05 PM:INFO:   Gdoca bağlandı.
01/22/2015 09:00:05 PM:INFO:   Yeni satır ekleme denemesi
01/22/2015 09:00:14 PM:INFO:   Yeni satır eklendi.
01/22/2015 09:00:14 PM:INFO:Veriler gdoca yazıldı
01/22/2015 09:59:59 PM:INFO:Veri girme saati
01/22/2015 10:00:00 PM:INFO:Veriler toplandı
01/22/2015 10:00:00 PM:INFO:İnternet var ve sistem çevrimiçi
01/22/2015 10:00:00 PM:INFO:   Gdoca bağlanma denemesi
01/22/2015 10:00:13 PM:INFO:   Gdoca bağlandı.
01/22/2015 10:00:13 PM:INFO:   Yeni satır ekleme denemesi
01/22/2015 10:02:30 PM:INFO:   Yeni satır eklendi.
01/22/2015 10:02:30 PM:INFO:Veriler gdoca yazıldı
01/22/2015 10:59:59 PM:INFO:Veri girme saati
01/22/2015 11:00:00 PM:INFO:Veriler toplandı
01/22/2015 11:00:00 PM:INFO:İnternet var ve sistem çevrimiçi
01/22/2015 11:00:00 PM:INFO:   Gdoca bağlanma denemesi
01/22/2015 11:00:02 PM:INFO:   Gdoca bağlandı.
01/22/2015 11:00:02 PM:INFO:   Yeni satır ekleme denemesi
01/22/2015 11:02:13 PM:INFO:   Yeni satır eklendi.
01/22/2015 11:02:13 PM:INFO:Veriler gdoca yazıldı
01/22/2015 11:59:59 PM:INFO:Veri girme saati
01/23/2015 12:00:00 AM:INFO:Veriler toplandı
01/23/2015 12:00:00 AM:INFO:İnternet var ve sistem çevrimiçi
01/23/2015 12:00:00 AM:INFO:   Gdoca bağlanma denemesi
01/23/2015 12:00:03 AM:INFO:   Gdoca bağlandı.
01/23/2015 12:00:03 AM:INFO:   Yeni satır ekleme denemesi
01/23/2015 12:00:11 AM:INFO:   Yeni satır eklendi.
01/23/2015 12:00:11 AM:INFO:Veriler gdoca yazıldı
01/23/2015 12:59:59 AM:INFO:Veri girme saati
01/23/2015 01:00:00 AM:INFO:Veriler toplandı
01/23/2015 01:00:00 AM:INFO:İnternet var ve sistem çevrimiçi
01/23/2015 01:00:00 AM:INFO:   Gdoca bağlanma denemesi
01/23/2015 01:00:03 AM:INFO:   Gdoca bağlandı.
01/23/2015 01:00:03 AM:INFO:   Yeni satır ekleme denemesi
01/23/2015 01:00:12 AM:INFO:   Yeni satır eklendi.
01/23/2015 01:00:12 AM:INFO:Veriler gdoca yazıldı
01/23/2015 01:59:59 AM:INFO:Veri girme saati
01/23/2015 02:00:00 AM:INFO:Veriler toplandı
01/23/2015 02:00:00 AM:INFO:İnternet var ve sistem çevrimiçi
01/23/2015 02:00:00 AM:INFO:   Gdoca bağlanma denemesi
01/23/2015 02:00:03 AM:INFO:   Gdoca bağlandı.
01/23/2015 02:00:03 AM:INFO:   Yeni satır ekleme denemesi
01/23/2015 02:00:13 AM:INFO:   Yeni satır eklendi.
01/23/2015 02:00:13 AM:INFO:Veriler gdoca yazıldı
01/23/2015 02:59:59 AM:INFO:Veri girme saati
01/23/2015 03:00:02 AM:INFO:Veriler toplandı
01/23/2015 03:00:03 AM:INFO:İnternet var ve sistem çevrimiçi
01/23/2015 03:00:03 AM:INFO:   Gdoca bağlanma denemesi
01/23/2015 03:00:05 AM:INFO:   Gdoca bağlandı.
01/23/2015 03:00:05 AM:INFO:   Yeni satır ekleme denemesi
01/23/2015 03:02:14 AM:INFO:   Yeni satır eklendi.
01/23/2015 03:02:14 AM:INFO:Veriler gdoca yazıldı
01/23/2015 03:59:59 AM:INFO:Veri girme saati
01/23/2015 04:00:00 AM:INFO:Veriler toplandı
01/23/2015 04:00:00 AM:INFO:İnternet var ve sistem çevrimiçi
01/23/2015 04:00:00 AM:INFO:   Gdoca bağlanma denemesi
01/23/2015 04:00:03 AM:INFO:   Gdoca bağlandı.
01/23/2015 04:00:03 AM:INFO:   Yeni satır ekleme denemesi
01/23/2015 04:00:11 AM:INFO:   Yeni satır eklendi.
01/23/2015 04:00:11 AM:INFO:Veriler gdoca yazıldı
01/23/2015 04:59:59 AM:INFO:Veri girme saati
01/23/2015 05:00:00 AM:INFO:Veriler toplandı
01/23/2015 05:00:00 AM:INFO:İnternet var ve sistem çevrimiçi
01/23/2015 05:00:00 AM:INFO:   Gdoca bağlanma denemesi
01/23/2015 05:00:03 AM:INFO:   Gdoca bağlandı.
01/23/2015 05:00:03 AM:INFO:   Yeni satır ekleme denemesi
01/23/2015 05:00:12 AM:INFO:   Yeni satır eklendi.
01/23/2015 05:00:12 AM:INFO:Veriler gdoca yazıldı
01/23/2015 05:59:59 AM:INFO:Veri girme saati
01/23/2015 06:00:00 AM:INFO:Veriler toplandı
01/23/2015 06:00:00 AM:INFO:İnternet var ve sistem çevrimiçi
01/23/2015 06:00:00 AM:INFO:   Gdoca bağlanma denemesi
01/23/2015 06:00:03 AM:INFO:   Gdoca bağlandı.
01/23/2015 06:00:03 AM:INFO:   Yeni satır ekleme denemesi
01/23/2015 06:00:13 AM:INFO:   Yeni satır eklendi.
01/23/2015 06:00:13 AM:INFO:Veriler gdoca yazıldı
01/23/2015 06:59:59 AM:INFO:Veri girme saati
01/23/2015 07:00:00 AM:INFO:Veriler toplandı
01/23/2015 07:00:00 AM:INFO:İnternet var ve sistem çevrimiçi
01/23/2015 07:00:00 AM:INFO:   Gdoca bağlanma denemesi
01/23/2015 07:00:03 AM:INFO:   Gdoca bağlandı.
01/23/2015 07:00:03 AM:INFO:   Yeni satır ekleme denemesi
01/23/2015 07:00:10 AM:INFO:   Yeni satır eklendi.
01/23/2015 07:00:10 AM:INFO:Veriler gdoca yazıldı
01/23/2015 07:59:59 AM:INFO:Veri girme saati
01/23/2015 08:00:00 AM:INFO:Veriler toplandı
01/23/2015 08:00:00 AM:INFO:İnternet var ve sistem çevrimiçi
01/23/2015 08:00:00 AM:INFO:   Gdoca bağlanma denemesi
01/23/2015 08:00:03 AM:INFO:   Gdoca bağlandı.
01/23/2015 08:00:03 AM:INFO:   Yeni satır ekleme denemesi
01/23/2015 08:00:12 AM:INFO:   Yeni satır eklendi.
01/23/2015 08:00:12 AM:INFO:Veriler gdoca yazıldı
01/23/2015 08:59:59 AM:INFO:Veri girme saati
01/23/2015 09:00:02 AM:INFO:Veriler toplandı
01/23/2015 09:00:03 AM:INFO:İnternet var ve sistem çevrimiçi
01/23/2015 09:00:03 AM:INFO:   Gdoca bağlanma denemesi
01/23/2015 09:00:05 AM:INFO:   Gdoca bağlandı.
01/23/2015 09:00:05 AM:INFO:   Yeni satır ekleme denemesi
01/23/2015 09:00:15 AM:INFO:   Yeni satır eklendi.
01/23/2015 09:00:15 AM:INFO:Veriler gdoca yazıldı
01/23/2015 09:59:59 AM:INFO:Veri girme saati
01/23/2015 10:00:02 AM:INFO:Veriler toplandı
01/23/2015 10:00:03 AM:INFO:İnternet var ve sistem çevrimiçi
01/23/2015 10:00:03 AM:INFO:   Gdoca bağlanma denemesi
01/23/2015 10:00:06 AM:INFO:   Gdoca bağlandı.
01/23/2015 10:00:06 AM:INFO:   Yeni satır ekleme denemesi
01/23/2015 10:00:34 AM:INFO:   Yeni satır eklendi.
01/23/2015 10:00:34 AM:INFO:Veriler gdoca yazıldı
01/23/2015 10:59:59 AM:INFO:Veri girme saati
01/23/2015 11:00:00 AM:INFO:Veriler toplandı
01/23/2015 11:00:00 AM:INFO:İnternet var ve sistem çevrimiçi
01/23/2015 11:00:00 AM:INFO:   Gdoca bağlanma denemesi
01/23/2015 11:00:02 AM:INFO:   Gdoca bağlandı.
01/23/2015 11:00:02 AM:INFO:   Yeni satır ekleme denemesi
01/23/2015 11:00:13 AM:INFO:   Yeni satır eklendi.
01/23/2015 11:00:13 AM:INFO:Veriler gdoca yazıldı
01/23/2015 11:59:59 AM:INFO:Veri girme saati
01/23/2015 12:00:00 PM:INFO:Veriler toplandı
01/23/2015 12:00:00 PM:INFO:İnternet var ve sistem çevrimiçi
01/23/2015 12:00:00 PM:INFO:   Gdoca bağlanma denemesi
01/23/2015 12:00:03 PM:INFO:   Gdoca bağlandı.
01/23/2015 12:00:03 PM:INFO:   Yeni satır ekleme denemesi
01/23/2015 12:00:15 PM:INFO:   Yeni satır eklendi.
01/23/2015 12:00:15 PM:INFO:Veriler gdoca yazıldı
01/23/2015 12:59:59 PM:INFO:Veri girme saati
01/23/2015 01:00:00 PM:INFO:Veriler toplandı
01/23/2015 01:00:00 PM:INFO:İnternet var ve sistem çevrimiçi
01/23/2015 01:00:00 PM:INFO:   Gdoca bağlanma denemesi
01/23/2015 01:00:03 PM:INFO:   Gdoca bağlandı.
01/23/2015 01:00:03 PM:INFO:   Yeni satır ekleme denemesi
01/23/2015 01:00:17 PM:INFO:   Yeni satır eklendi.
01/23/2015 01:00:17 PM:INFO:Veriler gdoca yazıldı
01/23/2015 01:59:59 PM:INFO:Veri girme saati
01/23/2015 02:00:00 PM:INFO:Veriler toplandı
01/23/2015 02:00:00 PM:INFO:İnternet var ve sistem çevrimiçi
01/23/2015 02:00:00 PM:INFO:   Gdoca bağlanma denemesi
01/23/2015 02:00:04 PM:INFO:   Gdoca bağlandı.
01/23/2015 02:00:04 PM:INFO:   Yeni satır ekleme denemesi
01/23/2015 02:00:21 PM:INFO:   Yeni satır eklendi.
01/23/2015 02:00:21 PM:INFO:Veriler gdoca yazıldı
01/23/2015 02:59:59 PM:INFO:Veri girme saati
01/23/2015 03:00:00 PM:INFO:Veriler toplandı
01/23/2015 03:00:00 PM:INFO:İnternet var ve sistem çevrimiçi
01/23/2015 03:00:00 PM:INFO:   Gdoca bağlanma denemesi
01/23/2015 03:00:03 PM:INFO:   Gdoca bağlandı.
01/23/2015 03:00:03 PM:INFO:   Yeni satır ekleme denemesi
01/23/2015 03:00:12 PM:INFO:   Yeni satır eklendi.
01/23/2015 03:00:12 PM:INFO:Veriler gdoca yazıldı
01/23/2015 03:59:59 PM:INFO:Veri girme saati
01/23/2015 04:00:00 PM:INFO:Veriler toplandı
01/23/2015 04:00:00 PM:INFO:İnternet var ve sistem çevrimiçi
01/23/2015 04:00:00 PM:INFO:   Gdoca bağlanma denemesi
01/23/2015 04:00:02 PM:INFO:   Gdoca bağlandı.
01/23/2015 04:00:02 PM:INFO:   Yeni satır ekleme denemesi
01/23/2015 04:00:12 PM:INFO:   Yeni satır eklendi.
01/23/2015 04:00:12 PM:INFO:Veriler gdoca yazıldı
01/23/2015 04:59:59 PM:INFO:Veri girme saati
01/23/2015 05:00:00 PM:INFO:Veriler toplandı
01/23/2015 05:00:00 PM:INFO:İnternet var ve sistem çevrimiçi
01/23/2015 05:00:00 PM:INFO:   Gdoca bağlanma denemesi
01/23/2015 05:00:02 PM:INFO:   Gdoca bağlandı.
01/23/2015 05:00:02 PM:INFO:   Yeni satır ekleme denemesi
01/23/2015 05:02:11 PM:INFO:   Yeni satır eklendi.
01/23/2015 05:02:11 PM:INFO:Veriler gdoca yazıldı
01/23/2015 05:59:59 PM:INFO:Veri girme saati
01/23/2015 06:00:00 PM:INFO:Veriler toplandı
01/23/2015 06:00:00 PM:INFO:İnternet var ve sistem çevrimiçi
01/23/2015 06:00:00 PM:INFO:   Gdoca bağlanma denemesi
01/23/2015 06:00:03 PM:INFO:   Gdoca bağlandı.
01/23/2015 06:00:03 PM:INFO:   Yeni satır ekleme denemesi
01/23/2015 06:00:13 PM:INFO:   Yeni satır eklendi.
01/23/2015 06:00:13 PM:INFO:Veriler gdoca yazıldı
01/23/2015 06:59:59 PM:INFO:Veri girme saati
01/23/2015 07:00:00 PM:INFO:Veriler toplandı
01/23/2015 07:00:00 PM:INFO:İnternet var ve sistem çevrimiçi
01/23/2015 07:00:00 PM:INFO:   Gdoca bağlanma denemesi
01/23/2015 07:00:03 PM:INFO:   Gdoca bağlandı.
01/23/2015 07:00:03 PM:INFO:   Yeni satır ekleme denemesi
01/23/2015 07:00:15 PM:INFO:   Yeni satır eklendi.
01/23/2015 07:00:15 PM:INFO:Veriler gdoca yazıldı
01/23/2015 07:59:59 PM:INFO:Veri girme saati
01/23/2015 08:00:00 PM:INFO:Veriler toplandı
01/23/2015 08:00:00 PM:INFO:İnternet var ve sistem çevrimiçi
01/23/2015 08:00:00 PM:INFO:   Gdoca bağlanma denemesi
01/23/2015 08:00:03 PM:INFO:   Gdoca bağlandı.
01/23/2015 08:00:03 PM:INFO:   Yeni satır ekleme denemesi
01/23/2015 08:00:10 PM:INFO:   Yeni satır eklendi.
01/23/2015 08:00:10 PM:INFO:Veriler gdoca yazıldı
01/23/2015 08:59:59 PM:INFO:Veri girme saati
01/23/2015 09:00:00 PM:INFO:Veriler toplandı
01/23/2015 09:00:00 PM:INFO:İnternet var ve sistem çevrimiçi
01/23/2015 09:00:00 PM:INFO:   Gdoca bağlanma denemesi
01/23/2015 09:00:03 PM:INFO:   Gdoca bağlandı.
01/23/2015 09:00:03 PM:INFO:   Yeni satır ekleme denemesi
01/23/2015 09:00:11 PM:INFO:   Yeni satır eklendi.
01/23/2015 09:00:11 PM:INFO:Veriler gdoca yazıldı
01/23/2015 09:59:59 PM:INFO:Veri girme saati
01/23/2015 10:00:00 PM:INFO:Veriler toplandı
01/23/2015 10:00:00 PM:INFO:İnternet var ve sistem çevrimiçi
01/23/2015 10:00:00 PM:INFO:   Gdoca bağlanma denemesi
01/23/2015 10:00:02 PM:INFO:   Gdoca bağlandı.
01/23/2015 10:00:02 PM:INFO:   Yeni satır ekleme denemesi
01/23/2015 10:00:11 PM:INFO:   Yeni satır eklendi.
01/23/2015 10:00:11 PM:INFO:Veriler gdoca yazıldı
01/23/2015 10:59:59 PM:INFO:Veri girme saati
01/23/2015 11:00:00 PM:INFO:Veriler toplandı
01/23/2015 11:00:00 PM:INFO:İnternet var ve sistem çevrimiçi
01/23/2015 11:00:00 PM:INFO:   Gdoca bağlanma denemesi
01/23/2015 11:00:02 PM:INFO:   Gdoca bağlandı.
01/23/2015 11:00:02 PM:INFO:   Yeni satır ekleme denemesi
01/23/2015 11:00:14 PM:INFO:   Yeni satır eklendi.
01/23/2015 11:00:14 PM:INFO:Veriler gdoca yazıldı
01/23/2015 11:59:59 PM:INFO:Veri girme saati
01/24/2015 12:00:00 AM:INFO:Veriler toplandı
01/24/2015 12:00:00 AM:INFO:İnternet var ve sistem çevrimiçi
01/24/2015 12:00:00 AM:INFO:   Gdoca bağlanma denemesi
01/24/2015 12:00:03 AM:INFO:   Gdoca bağlandı.
01/24/2015 12:00:03 AM:INFO:   Yeni satır ekleme denemesi
01/24/2015 12:00:11 AM:INFO:   Yeni satır eklendi.
01/24/2015 12:00:11 AM:INFO:Veriler gdoca yazıldı
01/24/2015 12:59:59 AM:INFO:Veri girme saati
01/24/2015 01:00:00 AM:INFO:Veriler toplandı
01/24/2015 01:00:00 AM:INFO:İnternet var ve sistem çevrimiçi
01/24/2015 01:00:00 AM:INFO:   Gdoca bağlanma denemesi
01/24/2015 01:00:02 AM:INFO:   Gdoca bağlandı.
01/24/2015 01:00:02 AM:INFO:   Yeni satır ekleme denemesi
01/24/2015 01:00:11 AM:INFO:   Yeni satır eklendi.
01/24/2015 01:00:11 AM:INFO:Veriler gdoca yazıldı
01/24/2015 01:59:59 AM:INFO:Veri girme saati
01/24/2015 02:00:00 AM:INFO:Veriler toplandı
01/24/2015 02:00:00 AM:INFO:İnternet var ve sistem çevrimiçi
01/24/2015 02:00:00 AM:INFO:   Gdoca bağlanma denemesi
01/24/2015 02:00:02 AM:INFO:   Gdoca bağlandı.
01/24/2015 02:00:02 AM:INFO:   Yeni satır ekleme denemesi
01/24/2015 02:00:11 AM:INFO:   Yeni satır eklendi.
01/24/2015 02:00:11 AM:INFO:Veriler gdoca yazıldı
01/24/2015 02:59:59 AM:INFO:Veri girme saati
01/24/2015 03:00:00 AM:INFO:Veriler toplandı
01/24/2015 03:00:00 AM:INFO:İnternet var ve sistem çevrimiçi
01/24/2015 03:00:00 AM:INFO:   Gdoca bağlanma denemesi
01/24/2015 03:00:02 AM:INFO:   Gdoca bağlandı.
01/24/2015 03:00:02 AM:INFO:   Yeni satır ekleme denemesi
01/24/2015 03:00:12 AM:INFO:   Yeni satır eklendi.
01/24/2015 03:00:12 AM:INFO:Veriler gdoca yazıldı
01/24/2015 03:59:59 AM:INFO:Veri girme saati
01/24/2015 04:00:10 AM:INFO:Veriler toplandı
01/24/2015 04:00:10 AM:INFO:İnternet var ve sistem çevrimiçi
01/24/2015 04:00:10 AM:INFO:   Gdoca bağlanma denemesi
01/24/2015 04:00:12 AM:INFO:   Gdoca bağlandı.
01/24/2015 04:00:12 AM:INFO:   Yeni satır ekleme denemesi
01/24/2015 04:00:21 AM:INFO:   Yeni satır eklendi.
01/24/2015 04:00:21 AM:INFO:Veriler gdoca yazıldı
01/24/2015 04:59:59 AM:INFO:Veri girme saati
01/24/2015 05:00:00 AM:INFO:Veriler toplandı
01/24/2015 05:00:00 AM:INFO:İnternet var ve sistem çevrimiçi
01/24/2015 05:00:00 AM:INFO:   Gdoca bağlanma denemesi
01/24/2015 05:00:03 AM:INFO:   Gdoca bağlandı.
01/24/2015 05:00:03 AM:INFO:   Yeni satır ekleme denemesi
01/24/2015 05:00:15 AM:INFO:   Yeni satır eklendi.
01/24/2015 05:00:15 AM:INFO:Veriler gdoca yazıldı
01/24/2015 05:59:59 AM:INFO:Veri girme saati
01/24/2015 06:00:02 AM:INFO:Veriler toplandı
01/24/2015 06:00:03 AM:INFO:İnternet var ve sistem çevrimiçi
01/24/2015 06:00:03 AM:INFO:   Gdoca bağlanma denemesi
01/24/2015 06:00:05 AM:INFO:   Gdoca bağlandı.
01/24/2015 06:00:05 AM:INFO:   Yeni satır ekleme denemesi
01/24/2015 06:00:19 AM:INFO:   Yeni satır eklendi.
01/24/2015 06:00:19 AM:INFO:Veriler gdoca yazıldı
01/24/2015 06:59:59 AM:INFO:Veri girme saati
01/24/2015 07:00:00 AM:INFO:Veriler toplandı
01/24/2015 07:00:00 AM:INFO:İnternet var ve sistem çevrimiçi
01/24/2015 07:00:00 AM:INFO:   Gdoca bağlanma denemesi
01/24/2015 07:00:03 AM:INFO:   Gdoca bağlandı.
01/24/2015 07:00:03 AM:INFO:   Yeni satır ekleme denemesi
01/24/2015 07:00:12 AM:INFO:   Yeni satır eklendi.
01/24/2015 07:00:12 AM:INFO:Veriler gdoca yazıldı
01/24/2015 07:59:59 AM:INFO:Veri girme saati
01/24/2015 08:00:00 AM:INFO:Veriler toplandı
01/24/2015 08:00:00 AM:INFO:İnternet var ve sistem çevrimiçi
01/24/2015 08:00:00 AM:INFO:   Gdoca bağlanma denemesi
01/24/2015 08:00:03 AM:INFO:   Gdoca bağlandı.
01/24/2015 08:00:03 AM:INFO:   Yeni satır ekleme denemesi
01/24/2015 08:00:14 AM:INFO:   Yeni satır eklendi.
01/24/2015 08:00:14 AM:INFO:Veriler gdoca yazıldı
01/24/2015 08:59:59 AM:INFO:Veri girme saati
01/24/2015 09:00:00 AM:INFO:Veriler toplandı
01/24/2015 09:00:00 AM:INFO:İnternet var ve sistem çevrimiçi
01/24/2015 09:00:00 AM:INFO:   Gdoca bağlanma denemesi
01/24/2015 09:00:03 AM:INFO:   Gdoca bağlandı.
01/24/2015 09:00:03 AM:INFO:   Yeni satır ekleme denemesi
01/24/2015 09:00:11 AM:INFO:   Yeni satır eklendi.
01/24/2015 09:00:11 AM:INFO:Veriler gdoca yazıldı
01/24/2015 09:59:59 AM:INFO:Veri girme saati
01/24/2015 10:00:00 AM:INFO:Veriler toplandı
01/24/2015 10:00:00 AM:INFO:İnternet var ve sistem çevrimiçi
01/24/2015 10:00:00 AM:INFO:   Gdoca bağlanma denemesi
01/24/2015 10:00:03 AM:INFO:   Gdoca bağlandı.
01/24/2015 10:00:03 AM:INFO:   Yeni satır ekleme denemesi
01/24/2015 10:00:14 AM:INFO:   Yeni satır eklendi.
01/24/2015 10:00:14 AM:INFO:Veriler gdoca yazıldı
01/24/2015 10:59:59 AM:INFO:Veri girme saati
01/24/2015 11:00:00 AM:INFO:Veriler toplandı
01/24/2015 11:00:00 AM:INFO:İnternet var ve sistem çevrimiçi
01/24/2015 11:00:00 AM:INFO:   Gdoca bağlanma denemesi
01/24/2015 11:00:03 AM:INFO:   Gdoca bağlandı.
01/24/2015 11:00:03 AM:INFO:   Yeni satır ekleme denemesi
01/24/2015 11:00:17 AM:INFO:   Yeni satır eklendi.
01/24/2015 11:00:17 AM:INFO:Veriler gdoca yazıldı
01/24/2015 11:59:59 AM:INFO:Veri girme saati
01/24/2015 12:00:00 PM:INFO:Veriler toplandı
01/24/2015 12:00:00 PM:INFO:İnternet var ve sistem çevrimiçi
01/24/2015 12:00:00 PM:INFO:   Gdoca bağlanma denemesi
01/24/2015 12:00:03 PM:INFO:   Gdoca bağlandı.
01/24/2015 12:00:03 PM:INFO:   Yeni satır ekleme denemesi
01/24/2015 12:00:12 PM:INFO:   Yeni satır eklendi.
01/24/2015 12:00:12 PM:INFO:Veriler gdoca yazıldı
01/24/2015 12:59:59 PM:INFO:Veri girme saati
01/24/2015 01:00:00 PM:INFO:Veriler toplandı
01/24/2015 01:00:00 PM:INFO:İnternet var ve sistem çevrimiçi
01/24/2015 01:00:00 PM:INFO:   Gdoca bağlanma denemesi
01/24/2015 01:00:14 PM:INFO:   Gdoca bağlandı.
01/24/2015 01:00:14 PM:INFO:   Yeni satır ekleme denemesi
01/24/2015 01:00:23 PM:INFO:   Yeni satır eklendi.
01/24/2015 01:00:23 PM:INFO:Veriler gdoca yazıldı
01/24/2015 01:59:59 PM:INFO:Veri girme saati
01/24/2015 02:00:00 PM:INFO:Veriler toplandı
01/24/2015 02:00:00 PM:INFO:İnternet var ve sistem çevrimiçi
01/24/2015 02:00:00 PM:INFO:   Gdoca bağlanma denemesi
01/24/2015 02:00:03 PM:INFO:   Gdoca bağlandı.
01/24/2015 02:00:03 PM:INFO:   Yeni satır ekleme denemesi
01/24/2015 02:00:33 PM:INFO:   Yeni satır eklendi.
01/24/2015 02:00:33 PM:INFO:Veriler gdoca yazıldı
01/24/2015 02:59:59 PM:INFO:Veri girme saati
01/24/2015 03:00:00 PM:INFO:Veriler toplandı
01/24/2015 03:00:00 PM:INFO:İnternet var ve sistem çevrimiçi
01/24/2015 03:00:00 PM:INFO:   Gdoca bağlanma denemesi
01/24/2015 03:00:02 PM:INFO:   Gdoca bağlandı.
01/24/2015 03:00:02 PM:INFO:   Yeni satır ekleme denemesi
01/24/2015 03:00:12 PM:INFO:   Yeni satır eklendi.
01/24/2015 03:00:12 PM:INFO:Veriler gdoca yazıldı
01/24/2015 03:59:59 PM:INFO:Veri girme saati
01/24/2015 04:00:00 PM:INFO:Veriler toplandı
01/24/2015 04:00:00 PM:INFO:İnternet var ve sistem çevrimiçi
01/24/2015 04:00:00 PM:INFO:   Gdoca bağlanma denemesi
01/24/2015 04:00:03 PM:INFO:   Gdoca bağlandı.
01/24/2015 04:00:03 PM:INFO:   Yeni satır ekleme denemesi
01/24/2015 04:00:11 PM:INFO:   Yeni satır eklendi.
01/24/2015 04:00:11 PM:INFO:Veriler gdoca yazıldı
01/24/2015 04:59:59 PM:INFO:Veri girme saati
01/24/2015 05:00:00 PM:INFO:Veriler toplandı
01/24/2015 05:00:00 PM:INFO:İnternet var ve sistem çevrimiçi
01/24/2015 05:00:00 PM:INFO:   Gdoca bağlanma denemesi
01/24/2015 05:00:02 PM:INFO:   Gdoca bağlandı.
01/24/2015 05:00:02 PM:INFO:   Yeni satır ekleme denemesi
01/24/2015 05:00:10 PM:INFO:   Yeni satır eklendi.
01/24/2015 05:00:10 PM:INFO:Veriler gdoca yazıldı
01/24/2015 05:59:59 PM:INFO:Veri girme saati
01/24/2015 06:00:00 PM:INFO:Veriler toplandı
01/24/2015 06:00:00 PM:INFO:İnternet var ve sistem çevrimiçi
01/24/2015 06:00:00 PM:INFO:   Gdoca bağlanma denemesi
01/24/2015 06:00:02 PM:INFO:   Gdoca bağlandı.
01/24/2015 06:00:02 PM:INFO:   Yeni satır ekleme denemesi
01/24/2015 06:00:10 PM:INFO:   Yeni satır eklendi.
01/24/2015 06:00:10 PM:INFO:Veriler gdoca yazıldı
01/24/2015 06:59:59 PM:INFO:Veri girme saati
01/24/2015 07:00:00 PM:INFO:Veriler toplandı
01/24/2015 07:00:00 PM:INFO:İnternet var ve sistem çevrimiçi
01/24/2015 07:00:00 PM:INFO:   Gdoca bağlanma denemesi
01/24/2015 07:00:02 PM:INFO:   Gdoca bağlandı.
01/24/2015 07:00:02 PM:INFO:   Yeni satır ekleme denemesi
01/24/2015 07:00:15 PM:INFO:   Yeni satır eklendi.
01/24/2015 07:00:15 PM:INFO:Veriler gdoca yazıldı
01/24/2015 07:59:59 PM:INFO:Veri girme saati
01/24/2015 08:00:00 PM:INFO:Veriler toplandı
01/24/2015 08:00:00 PM:INFO:İnternet var ve sistem çevrimiçi
01/24/2015 08:00:00 PM:INFO:   Gdoca bağlanma denemesi
01/24/2015 08:00:02 PM:INFO:   Gdoca bağlandı.
01/24/2015 08:00:02 PM:INFO:   Yeni satır ekleme denemesi
01/24/2015 08:00:03 PM:ERROR:   Veritabanına yeni satır eklenemedi
01/24/2015 08:00:03 PM:ERROR:   'NoneType' object has no attribute 'text'
01/24/2015 08:00:03 PM:INFO:Veriler gdoca yazıldı
01/24/2015 08:59:59 PM:INFO:Veri girme saati
01/24/2015 09:00:00 PM:INFO:Veriler toplandı
01/24/2015 09:00:00 PM:INFO:İnternet var ve sistem çevrimiçi
01/24/2015 09:00:00 PM:INFO:   Gdoca bağlanma denemesi
01/24/2015 09:00:03 PM:INFO:   Gdoca bağlandı.
01/24/2015 09:00:03 PM:INFO:   Yeni satır ekleme denemesi
01/24/2015 09:00:10 PM:INFO:   Yeni satır eklendi.
01/24/2015 09:00:10 PM:INFO:Veriler gdoca yazıldı
01/24/2015 09:59:59 PM:INFO:Veri girme saati
01/24/2015 10:00:00 PM:INFO:Veriler toplandı
01/24/2015 10:00:00 PM:INFO:İnternet var ve sistem çevrimiçi
01/24/2015 10:00:00 PM:INFO:   Gdoca bağlanma denemesi
01/24/2015 10:00:02 PM:INFO:   Gdoca bağlandı.
01/24/2015 10:00:02 PM:INFO:   Yeni satır ekleme denemesi
01/24/2015 10:00:10 PM:INFO:   Yeni satır eklendi.
01/24/2015 10:00:10 PM:INFO:Veriler gdoca yazıldı
01/24/2015 10:59:59 PM:INFO:Veri girme saati
01/24/2015 11:00:00 PM:INFO:Veriler toplandı
01/24/2015 11:00:00 PM:INFO:İnternet var ve sistem çevrimiçi
01/24/2015 11:00:00 PM:INFO:   Gdoca bağlanma denemesi
01/24/2015 11:00:02 PM:INFO:   Gdoca bağlandı.
01/24/2015 11:00:02 PM:INFO:   Yeni satır ekleme denemesi
01/24/2015 11:02:10 PM:INFO:   Yeni satır eklendi.
01/24/2015 11:02:10 PM:INFO:Veriler gdoca yazıldı
01/24/2015 11:59:59 PM:INFO:Veri girme saati
01/25/2015 12:00:02 AM:INFO:Veriler toplandı
01/25/2015 12:00:03 AM:INFO:İnternet var ve sistem çevrimiçi
01/25/2015 12:00:03 AM:INFO:   Gdoca bağlanma denemesi
01/25/2015 12:00:05 AM:INFO:   Gdoca bağlandı.
01/25/2015 12:00:05 AM:INFO:   Yeni satır ekleme denemesi
01/25/2015 12:00:13 AM:INFO:   Yeni satır eklendi.
01/25/2015 12:00:13 AM:INFO:Veriler gdoca yazıldı
01/25/2015 12:59:59 AM:INFO:Veri girme saati
01/25/2015 01:00:00 AM:INFO:Veriler toplandı
01/25/2015 01:00:00 AM:INFO:İnternet var ve sistem çevrimiçi
01/25/2015 01:00:00 AM:INFO:   Gdoca bağlanma denemesi
01/25/2015 01:00:02 AM:INFO:   Gdoca bağlandı.
01/25/2015 01:00:02 AM:INFO:   Yeni satır ekleme denemesi
01/25/2015 01:00:10 AM:INFO:   Yeni satır eklendi.
01/25/2015 01:00:10 AM:INFO:Veriler gdoca yazıldı
01/25/2015 01:59:59 AM:INFO:Veri girme saati
01/25/2015 02:00:00 AM:INFO:Veriler toplandı
01/25/2015 02:00:00 AM:INFO:İnternet var ve sistem çevrimiçi
01/25/2015 02:00:00 AM:INFO:   Gdoca bağlanma denemesi
01/25/2015 02:00:03 AM:INFO:   Gdoca bağlandı.
01/25/2015 02:00:03 AM:INFO:   Yeni satır ekleme denemesi
01/25/2015 02:00:13 AM:INFO:   Yeni satır eklendi.
01/25/2015 02:00:13 AM:INFO:Veriler gdoca yazıldı
01/25/2015 02:59:59 AM:INFO:Veri girme saati
01/25/2015 03:00:00 AM:INFO:Veriler toplandı
01/25/2015 03:00:00 AM:INFO:İnternet var ve sistem çevrimiçi
01/25/2015 03:00:00 AM:INFO:   Gdoca bağlanma denemesi
01/25/2015 03:00:03 AM:INFO:   Gdoca bağlandı.
01/25/2015 03:00:03 AM:INFO:   Yeni satır ekleme denemesi
01/25/2015 03:00:12 AM:INFO:   Yeni satır eklendi.
01/25/2015 03:00:12 AM:INFO:Veriler gdoca yazıldı
01/25/2015 03:59:59 AM:INFO:Veri girme saati
01/25/2015 04:00:00 AM:INFO:Veriler toplandı
01/25/2015 04:00:00 AM:INFO:İnternet var ve sistem çevrimiçi
01/25/2015 04:00:00 AM:INFO:   Gdoca bağlanma denemesi
01/25/2015 04:00:03 AM:INFO:   Gdoca bağlandı.
01/25/2015 04:00:03 AM:INFO:   Yeni satır ekleme denemesi
01/25/2015 04:00:14 AM:INFO:   Yeni satır eklendi.
01/25/2015 04:00:14 AM:INFO:Veriler gdoca yazıldı
01/25/2015 04:59:59 AM:INFO:Veri girme saati
01/25/2015 05:00:00 AM:INFO:Veriler toplandı
01/25/2015 05:00:00 AM:INFO:İnternet var ve sistem çevrimiçi
01/25/2015 05:00:00 AM:INFO:   Gdoca bağlanma denemesi
01/25/2015 05:00:03 AM:INFO:   Gdoca bağlandı.
01/25/2015 05:00:03 AM:INFO:   Yeni satır ekleme denemesi
01/25/2015 05:00:10 AM:INFO:   Yeni satır eklendi.
01/25/2015 05:00:10 AM:INFO:Veriler gdoca yazıldı
01/25/2015 05:59:59 AM:INFO:Veri girme saati
01/25/2015 06:00:00 AM:INFO:Veriler toplandı
01/25/2015 06:00:00 AM:INFO:İnternet var ve sistem çevrimiçi
01/25/2015 06:00:00 AM:INFO:   Gdoca bağlanma denemesi
01/25/2015 06:00:03 AM:INFO:   Gdoca bağlandı.
01/25/2015 06:00:03 AM:INFO:   Yeni satır ekleme denemesi
01/25/2015 06:00:14 AM:INFO:   Yeni satır eklendi.
01/25/2015 06:00:14 AM:INFO:Veriler gdoca yazıldı
01/25/2015 06:59:59 AM:INFO:Veri girme saati
01/25/2015 07:00:00 AM:INFO:Veriler toplandı
01/25/2015 07:00:00 AM:INFO:İnternet var ve sistem çevrimiçi
01/25/2015 07:00:00 AM:INFO:   Gdoca bağlanma denemesi
01/25/2015 07:00:03 AM:INFO:   Gdoca bağlandı.
01/25/2015 07:00:03 AM:INFO:   Yeni satır ekleme denemesi
01/25/2015 07:00:13 AM:INFO:   Yeni satır eklendi.
01/25/2015 07:00:13 AM:INFO:Veriler gdoca yazıldı
01/25/2015 07:59:59 AM:INFO:Veri girme saati
01/25/2015 08:00:00 AM:INFO:Veriler toplandı
01/25/2015 08:00:00 AM:INFO:İnternet var ve sistem çevrimiçi
01/25/2015 08:00:00 AM:INFO:   Gdoca bağlanma denemesi
01/25/2015 08:00:03 AM:INFO:   Gdoca bağlandı.
01/25/2015 08:00:03 AM:INFO:   Yeni satır ekleme denemesi
01/25/2015 08:00:17 AM:INFO:   Yeni satır eklendi.
01/25/2015 08:00:17 AM:INFO:Veriler gdoca yazıldı
01/25/2015 08:59:59 AM:INFO:Veri girme saati
01/25/2015 09:00:00 AM:INFO:Veriler toplandı
01/25/2015 09:00:00 AM:INFO:İnternet var ve sistem çevrimiçi
01/25/2015 09:00:00 AM:INFO:   Gdoca bağlanma denemesi
01/25/2015 09:00:02 AM:INFO:   Gdoca bağlandı.
01/25/2015 09:00:02 AM:INFO:   Yeni satır ekleme denemesi
01/25/2015 09:00:12 AM:INFO:   Yeni satır eklendi.
01/25/2015 09:00:12 AM:INFO:Veriler gdoca yazıldı
01/25/2015 09:59:59 AM:INFO:Veri girme saati
01/25/2015 10:00:00 AM:INFO:Veriler toplandı
01/25/2015 10:00:00 AM:INFO:İnternet var ve sistem çevrimiçi
01/25/2015 10:00:00 AM:INFO:   Gdoca bağlanma denemesi
01/25/2015 10:00:03 AM:INFO:   Gdoca bağlandı.
01/25/2015 10:00:03 AM:INFO:   Yeni satır ekleme denemesi
01/25/2015 10:00:12 AM:INFO:   Yeni satır eklendi.
01/25/2015 10:00:12 AM:INFO:Veriler gdoca yazıldı
01/25/2015 10:59:59 AM:INFO:Veri girme saati
01/25/2015 11:00:00 AM:INFO:Veriler toplandı
01/25/2015 11:00:00 AM:INFO:İnternet var ve sistem çevrimiçi
01/25/2015 11:00:00 AM:INFO:   Gdoca bağlanma denemesi
01/25/2015 11:00:03 AM:INFO:   Gdoca bağlandı.
01/25/2015 11:00:03 AM:INFO:   Yeni satır ekleme denemesi
01/25/2015 11:00:16 AM:INFO:   Yeni satır eklendi.
01/25/2015 11:00:16 AM:INFO:Veriler gdoca yazıldı
01/25/2015 11:59:59 AM:INFO:Veri girme saati
01/25/2015 12:00:00 PM:INFO:Veriler toplandı
01/25/2015 12:00:00 PM:INFO:İnternet var ve sistem çevrimiçi
01/25/2015 12:00:00 PM:INFO:   Gdoca bağlanma denemesi
01/25/2015 12:00:02 PM:INFO:   Gdoca bağlandı.
01/25/2015 12:00:02 PM:INFO:   Yeni satır ekleme denemesi
01/25/2015 12:00:12 PM:INFO:   Yeni satır eklendi.
01/25/2015 12:00:12 PM:INFO:Veriler gdoca yazıldı
01/25/2015 12:43:34 PM:INFO:Uygulama çalıştırıldı
01/25/2015 12:59:59 PM:INFO:Veri girme saati
01/25/2015 01:00:00 PM:INFO:Veriler toplandı
01/25/2015 01:00:00 PM:INFO:İnternet var ve sistem çevrimiçi
01/25/2015 01:00:00 PM:INFO:   Gdoca bağlanma denemesi
01/25/2015 01:00:03 PM:INFO:   Gdoca bağlandı.
01/25/2015 01:00:03 PM:INFO:   Yeni satır ekleme denemesi
01/25/2015 01:00:12 PM:INFO:   Yeni satır eklendi.
01/25/2015 01:00:12 PM:INFO:Veriler gdoca yazıldı
01/25/2015 01:59:59 PM:INFO:Veri girme saati
01/25/2015 02:00:00 PM:INFO:Veriler toplandı
01/25/2015 02:00:05 PM:INFO:İnternet var ve sistem çevrimiçi
01/25/2015 02:00:05 PM:INFO:   Gdoca bağlanma denemesi
01/25/2015 02:00:07 PM:INFO:   Gdoca bağlandı.
01/25/2015 02:00:07 PM:INFO:   Yeni satır ekleme denemesi
01/25/2015 02:00:17 PM:INFO:   Yeni satır eklendi.
01/25/2015 02:00:17 PM:INFO:Veriler gdoca yazıldı
01/25/2015 02:59:59 PM:INFO:Veri girme saati
01/25/2015 03:00:00 PM:INFO:Veriler toplandı
01/25/2015 03:00:00 PM:INFO:İnternet var ve sistem çevrimiçi
01/25/2015 03:00:00 PM:INFO:   Gdoca bağlanma denemesi
01/25/2015 03:00:03 PM:INFO:   Gdoca bağlandı.
01/25/2015 03:00:03 PM:INFO:   Yeni satır ekleme denemesi
01/25/2015 03:00:17 PM:INFO:   Yeni satır eklendi.
01/25/2015 03:00:17 PM:INFO:Veriler gdoca yazıldı
01/25/2015 03:59:59 PM:INFO:Veri girme saati
01/25/2015 04:00:00 PM:INFO:Veriler toplandı
01/25/2015 04:00:00 PM:INFO:İnternet var ve sistem çevrimiçi
01/25/2015 04:00:00 PM:INFO:   Gdoca bağlanma denemesi
01/25/2015 04:00:02 PM:INFO:   Gdoca bağlandı.
01/25/2015 04:00:02 PM:INFO:   Yeni satır ekleme denemesi
01/25/2015 04:00:10 PM:INFO:   Yeni satır eklendi.
01/25/2015 04:00:10 PM:INFO:Veriler gdoca yazıldı
01/25/2015 04:59:59 PM:INFO:Veri girme saati
01/25/2015 05:00:00 PM:INFO:Veriler toplandı
01/25/2015 05:00:00 PM:INFO:İnternet var ve sistem çevrimiçi
01/25/2015 05:00:00 PM:INFO:   Gdoca bağlanma denemesi
01/25/2015 05:00:02 PM:INFO:   Gdoca bağlandı.
01/25/2015 05:00:02 PM:INFO:   Yeni satır ekleme denemesi
01/25/2015 05:00:11 PM:INFO:   Yeni satır eklendi.
01/25/2015 05:00:11 PM:INFO:Veriler gdoca yazıldı
01/25/2015 05:59:59 PM:INFO:Veri girme saati
01/25/2015 06:00:00 PM:INFO:Veriler toplandı
01/25/2015 06:00:00 PM:INFO:İnternet var ve sistem çevrimiçi
01/25/2015 06:00:00 PM:INFO:   Gdoca bağlanma denemesi
01/25/2015 06:00:03 PM:INFO:   Gdoca bağlandı.
01/25/2015 06:00:03 PM:INFO:   Yeni satır ekleme denemesi
01/25/2015 06:00:10 PM:INFO:   Yeni satır eklendi.
01/25/2015 06:00:10 PM:INFO:Veriler gdoca yazıldı
01/25/2015 06:59:59 PM:INFO:Veri girme saati
01/25/2015 07:00:00 PM:INFO:Veriler toplandı
01/25/2015 07:00:00 PM:INFO:İnternet var ve sistem çevrimiçi
01/25/2015 07:00:00 PM:INFO:   Gdoca bağlanma denemesi
01/25/2015 07:00:02 PM:INFO:   Gdoca bağlandı.
01/25/2015 07:00:02 PM:INFO:   Yeni satır ekleme denemesi
01/25/2015 07:00:11 PM:INFO:   Yeni satır eklendi.
01/25/2015 07:00:11 PM:INFO:Veriler gdoca yazıldı
01/25/2015 07:59:59 PM:INFO:Veri girme saati
01/25/2015 08:00:02 PM:INFO:Veriler toplandı
01/25/2015 08:00:03 PM:INFO:İnternet var ve sistem çevrimiçi
01/25/2015 08:00:03 PM:INFO:   Gdoca bağlanma denemesi
01/25/2015 08:00:05 PM:INFO:   Gdoca bağlandı.
01/25/2015 08:00:05 PM:INFO:   Yeni satır ekleme denemesi
01/25/2015 08:00:21 PM:INFO:   Yeni satır eklendi.
01/25/2015 08:00:21 PM:INFO:Veriler gdoca yazıldı
01/25/2015 08:59:59 PM:INFO:Veri girme saati
01/25/2015 09:00:00 PM:INFO:Veriler toplandı
01/25/2015 09:00:00 PM:INFO:İnternet var ve sistem çevrimiçi
01/25/2015 09:00:00 PM:INFO:   Gdoca bağlanma denemesi
01/25/2015 09:00:02 PM:INFO:   Gdoca bağlandı.
01/25/2015 09:00:02 PM:INFO:   Yeni satır ekleme denemesi
01/25/2015 09:00:10 PM:INFO:   Yeni satır eklendi.
01/25/2015 09:00:10 PM:INFO:Veriler gdoca yazıldı
01/25/2015 09:59:59 PM:INFO:Veri girme saati
01/25/2015 10:00:00 PM:INFO:Veriler toplandı
01/25/2015 10:00:00 PM:INFO:İnternet var ve sistem çevrimiçi
01/25/2015 10:00:00 PM:INFO:   Gdoca bağlanma denemesi
01/25/2015 10:00:02 PM:INFO:   Gdoca bağlandı.
01/25/2015 10:00:02 PM:INFO:   Yeni satır ekleme denemesi
01/25/2015 10:00:10 PM:INFO:   Yeni satır eklendi.
01/25/2015 10:00:10 PM:INFO:Veriler gdoca yazıldı
01/25/2015 10:59:59 PM:INFO:Veri girme saati
01/25/2015 11:00:00 PM:INFO:Veriler toplandı
01/25/2015 11:00:00 PM:INFO:İnternet var ve sistem çevrimiçi
01/25/2015 11:00:00 PM:INFO:   Gdoca bağlanma denemesi
01/25/2015 11:00:02 PM:INFO:   Gdoca bağlandı.
01/25/2015 11:00:02 PM:INFO:   Yeni satır ekleme denemesi
01/25/2015 11:00:10 PM:INFO:   Yeni satır eklendi.
01/25/2015 11:00:10 PM:INFO:Veriler gdoca yazıldı
01/25/2015 11:59:59 PM:INFO:Veri girme saati
01/26/2015 12:00:00 AM:INFO:Veriler toplandı
01/26/2015 12:00:00 AM:INFO:İnternet var ve sistem çevrimiçi
01/26/2015 12:00:00 AM:INFO:   Gdoca bağlanma denemesi
01/26/2015 12:00:03 AM:INFO:   Gdoca bağlandı.
01/26/2015 12:00:03 AM:INFO:   Yeni satır ekleme denemesi
01/26/2015 12:00:14 AM:INFO:   Yeni satır eklendi.
01/26/2015 12:00:14 AM:INFO:Veriler gdoca yazıldı
01/26/2015 12:59:59 AM:INFO:Veri girme saati
01/26/2015 01:00:02 AM:INFO:Veriler toplandı
01/26/2015 01:00:03 AM:INFO:İnternet var ve sistem çevrimiçi
01/26/2015 01:00:03 AM:INFO:   Gdoca bağlanma denemesi
01/26/2015 01:00:05 AM:INFO:   Gdoca bağlandı.
01/26/2015 01:00:05 AM:INFO:   Yeni satır ekleme denemesi
01/26/2015 01:00:13 AM:INFO:   Yeni satır eklendi.
01/26/2015 01:00:13 AM:INFO:Veriler gdoca yazıldı
01/26/2015 01:59:59 AM:INFO:Veri girme saati
01/26/2015 02:00:00 AM:INFO:Veriler toplandı
01/26/2015 02:00:00 AM:INFO:İnternet var ve sistem çevrimiçi
01/26/2015 02:00:00 AM:INFO:   Gdoca bağlanma denemesi
01/26/2015 02:00:03 AM:INFO:   Gdoca bağlandı.
01/26/2015 02:00:03 AM:INFO:   Yeni satır ekleme denemesi
01/26/2015 02:00:13 AM:INFO:   Yeni satır eklendi.
01/26/2015 02:00:13 AM:INFO:Veriler gdoca yazıldı
01/26/2015 02:59:59 AM:INFO:Veri girme saati
01/26/2015 03:00:02 AM:INFO:Veriler toplandı
01/26/2015 03:00:03 AM:INFO:İnternet var ve sistem çevrimiçi
01/26/2015 03:00:03 AM:INFO:   Gdoca bağlanma denemesi
01/26/2015 03:00:06 AM:INFO:   Gdoca bağlandı.
01/26/2015 03:00:06 AM:INFO:   Yeni satır ekleme denemesi
01/26/2015 03:00:14 AM:INFO:   Yeni satır eklendi.
01/26/2015 03:00:14 AM:INFO:Veriler gdoca yazıldı
01/26/2015 03:59:59 AM:INFO:Veri girme saati
01/26/2015 04:00:00 AM:INFO:Veriler toplandı
01/26/2015 04:00:00 AM:INFO:İnternet var ve sistem çevrimiçi
01/26/2015 04:00:00 AM:INFO:   Gdoca bağlanma denemesi
01/26/2015 04:00:03 AM:INFO:   Gdoca bağlandı.
01/26/2015 04:00:03 AM:INFO:   Yeni satır ekleme denemesi
01/26/2015 04:00:38 AM:INFO:   Yeni satır eklendi.
01/26/2015 04:00:38 AM:INFO:Veriler gdoca yazıldı
01/26/2015 04:59:59 AM:INFO:Veri girme saati
01/26/2015 05:00:00 AM:INFO:Veriler toplandı
01/26/2015 05:00:00 AM:INFO:İnternet var ve sistem çevrimiçi
01/26/2015 05:00:00 AM:INFO:   Gdoca bağlanma denemesi
01/26/2015 05:00:02 AM:INFO:   Gdoca bağlandı.
01/26/2015 05:00:02 AM:INFO:   Yeni satır ekleme denemesi
01/26/2015 05:02:13 AM:INFO:   Yeni satır eklendi.
01/26/2015 05:02:13 AM:INFO:Veriler gdoca yazıldı
01/26/2015 08:40:45 AM:INFO:Uygulama çalıştırıldı
01/26/2015 08:59:59 AM:INFO:Veri girme saati
01/26/2015 09:00:00 AM:INFO:Veriler toplandı
01/26/2015 09:00:00 AM:INFO:İnternet var ve sistem çevrimiçi
01/26/2015 09:00:00 AM:INFO:   Gdoca bağlanma denemesi
01/26/2015 09:00:03 AM:INFO:   Gdoca bağlandı.
01/26/2015 09:00:03 AM:INFO:   Yeni satır ekleme denemesi
01/26/2015 09:00:12 AM:INFO:   Yeni satır eklendi.
01/26/2015 09:00:12 AM:INFO:Veriler gdoca yazıldı
